<?xml version="1.0" encoding="UTF-8"?>
<!-- Generated by org.testng.reporters.JUnitReportReporter -->
<testsuite hostname="DESKTOP-CR65LGQ" failures="0" tests="1" name="TestCases.TC1Test" time="0.006" errors="0" timestamp="2023-01-05T08:17:18 IST" skipped="0">
  <testcase classname="TestCases.TC1Test" name="m1" time="0.006"/>
  <system-out>
    <![CDATA[TC1 Running]]>
  </system-out>
</testsuite> <!-- TestCases.TC1Test -->
