<?xml version="1.0" encoding="UTF-8"?>
<!-- Generated by org.testng.reporters.JUnitReportReporter -->
<testsuite hostname="DESKTOP-CR65LGQ" failures="0" tests="1" name="TestCases.TC2Test" time="0.004" errors="0" timestamp="2023-01-05T08:17:18 IST" skipped="0">
  <testcase classname="TestCases.TC2Test" name="m2" time="0.004"/>
  <system-out>
    <![CDATA[TC2 Running]]>
  </system-out>
</testsuite> <!-- TestCases.TC2Test -->
